<?xml version="1.0" encoding="UTF-8"?>
<!-- Generated by org.testng.reporters.JUnitReportReporter -->
<testsuite hostname="Sarif-PC" failures="0" tests="1" name="codenbox.mavenBatch25.LoginTest" time="3.871" errors="0" timestamp="2023-01-14T17:45:33 EST" skipped="0">
  <testcase classname="codenbox.mavenBatch25.LoginTest" name="doLogin" time="3.871"/>
  <system-out/>
</testsuite> <!-- codenbox.mavenBatch25.LoginTest -->
