<?xml version="1.0" encoding="UTF-8"?>
<!-- Generated by org.testng.reporters.JUnitReportReporter -->
<testsuite hostname="Sarif-PC" failures="0" tests="1" name="codenbox.mavenBatch25.LoginTest" time="17.931" errors="0" timestamp="15 Jan 2023 17:38:52 GMT" skipped="0">
  <testcase classname="codenbox.mavenBatch25.LoginTest" name="doLogin" time="17.931"/>
</testsuite> <!-- codenbox.mavenBatch25.LoginTest -->
