<?xml version="1.0" encoding="UTF-8"?>
<!-- Generated by org.testng.reporters.JUnitReportReporter -->
<testsuite hostname="Sarif-PC" failures="0" tests="3" name="codenbox.mavenBatch25.HomepageTest" time="49.940" errors="0" timestamp="15 Jan 2023 17:38:52 GMT" skipped="0">
  <testcase classname="codenbox.mavenBatch25.HomepageTest" name="landingPageTitle" time="14.955"/>
  <testcase classname="codenbox.mavenBatch25.HomepageTest" name="basePageNavigationBar" time="14.064"/>
  <testcase classname="codenbox.mavenBatch25.HomepageTest" name="selectDropdown" time="20.921"/>
</testsuite> <!-- codenbox.mavenBatch25.HomepageTest -->
